[ 2016-01-13T15:52:05+08:00 ] ::1 /sinaApp/2/angular-web/admin/index.php/fanApi/login/login
INFO: [ app_init ] --START--
INFO: Run Behavior\BuildLiteBehavior [ RunTime:0.000013s ]
INFO: [ app_init ] --END-- [ RunTime:0.000818s ]
INFO: [ app_begin ] --START--
INFO: Run Behavior\ReadHtmlCacheBehavior [ RunTime:0.000807s ]
INFO: [ app_begin ] --END-- [ RunTime:0.000875s ]

[ 2016-01-13T15:52:24+08:00 ] ::1 /sinaApp/2/angular-web/admin/
INFO: [ app_init ] --START--
INFO: Run Behavior\BuildLiteBehavior [ RunTime:0.000014s ]
INFO: [ app_init ] --END-- [ RunTime:0.000423s ]
INFO: [ app_begin ] --START--
INFO: Run Behavior\ReadHtmlCacheBehavior [ RunTime:0.000543s ]
INFO: [ app_begin ] --END-- [ RunTime:0.000587s ]
ERR: 非法操作:index

[ 2016-01-13T15:52:39+08:00 ] ::1 /sinaApp/2/angular-web/admin/index.php/fanApi/login/login
INFO: [ app_init ] --START--
INFO: Run Behavior\BuildLiteBehavior [ RunTime:0.000013s ]
INFO: [ app_init ] --END-- [ RunTime:0.000431s ]
INFO: [ app_begin ] --START--
INFO: Run Behavior\ReadHtmlCacheBehavior [ RunTime:0.000470s ]
INFO: [ app_begin ] --END-- [ RunTime:0.000510s ]

[ 2016-01-13T15:53:10+08:00 ] ::1 /sinaApp/2/angular-web/admin/index.php/fanApi/login/login
INFO: [ app_init ] --START--
INFO: Run Behavior\BuildLiteBehavior [ RunTime:0.000013s ]
INFO: [ app_init ] --END-- [ RunTime:0.000377s ]
INFO: [ app_begin ] --START--
INFO: Run Behavior\ReadHtmlCacheBehavior [ RunTime:0.000456s ]
INFO: [ app_begin ] --END-- [ RunTime:0.000498s ]

[ 2016-01-13T15:54:59+08:00 ] ::1 /sinaApp/2/angular-web/admin/index.php/fanApi/login/login
INFO: [ app_init ] --START--
INFO: Run Behavior\BuildLiteBehavior [ RunTime:0.000013s ]
INFO: [ app_init ] --END-- [ RunTime:0.000470s ]
INFO: [ app_begin ] --START--
INFO: Run Behavior\ReadHtmlCacheBehavior [ RunTime:0.000586s ]
INFO: [ app_begin ] --END-- [ RunTime:0.000638s ]

[ 2016-01-13T16:17:36+08:00 ] ::1 /sinaApp/2/angular-web/admin/index.php/fanApi/login/login
INFO: [ app_init ] --START--
INFO: Run Behavior\BuildLiteBehavior [ RunTime:0.000014s ]
INFO: [ app_init ] --END-- [ RunTime:0.000438s ]
INFO: [ app_begin ] --START--
INFO: Run Behavior\ReadHtmlCacheBehavior [ RunTime:0.000547s ]
INFO: [ app_begin ] --END-- [ RunTime:0.000594s ]

[ 2016-01-13T16:17:59+08:00 ] ::1 /sinaApp/2/angular-web/admin/index.php/fanApi/login/login
INFO: [ app_init ] --START--
INFO: Run Behavior\BuildLiteBehavior [ RunTime:0.000015s ]
INFO: [ app_init ] --END-- [ RunTime:0.000556s ]
INFO: [ app_begin ] --START--
INFO: Run Behavior\ReadHtmlCacheBehavior [ RunTime:0.000482s ]
INFO: [ app_begin ] --END-- [ RunTime:0.000525s ]

[ 2016-01-13T16:18:54+08:00 ] ::1 /sinaApp/2/angular-web/admin/index.php/fanApi/login/login
INFO: [ app_init ] --START--
INFO: Run Behavior\BuildLiteBehavior [ RunTime:0.000034s ]
INFO: [ app_init ] --END-- [ RunTime:0.000388s ]
INFO: [ app_begin ] --START--
INFO: Run Behavior\ReadHtmlCacheBehavior [ RunTime:0.000466s ]
INFO: [ app_begin ] --END-- [ RunTime:0.000511s ]

[ 2016-01-13T16:19:40+08:00 ] ::1 /sinaApp/2/angular-web/admin/index.php/fanApi/login/login
INFO: [ app_init ] --START--
INFO: Run Behavior\BuildLiteBehavior [ RunTime:0.000015s ]
INFO: [ app_init ] --END-- [ RunTime:0.000485s ]
INFO: [ app_begin ] --START--
INFO: Run Behavior\ReadHtmlCacheBehavior [ RunTime:0.000553s ]
INFO: [ app_begin ] --END-- [ RunTime:0.000605s ]

[ 2016-01-13T16:20:14+08:00 ] ::1 /sinaApp/2/angular-web/admin/index.php/fanApi/login/login
INFO: [ app_init ] --START--
INFO: Run Behavior\BuildLiteBehavior [ RunTime:0.000013s ]
INFO: [ app_init ] --END-- [ RunTime:0.000384s ]
INFO: [ app_begin ] --START--
INFO: Run Behavior\ReadHtmlCacheBehavior [ RunTime:0.000464s ]
INFO: [ app_begin ] --END-- [ RunTime:0.000506s ]

[ 2016-01-13T16:20:35+08:00 ] ::1 /sinaApp/2/angular-web/admin/index.php/fanApi/login/login
INFO: [ app_init ] --START--
INFO: Run Behavior\BuildLiteBehavior [ RunTime:0.000015s ]
INFO: [ app_init ] --END-- [ RunTime:0.000451s ]
INFO: [ app_begin ] --START--
INFO: Run Behavior\ReadHtmlCacheBehavior [ RunTime:0.000495s ]
INFO: [ app_begin ] --END-- [ RunTime:0.000545s ]

[ 2016-01-13T17:14:27+08:00 ] ::1 /sinaApp/2/angular-web/admin/index.php/fanApi/login/login
INFO: [ app_init ] --START--
INFO: Run Behavior\BuildLiteBehavior [ RunTime:0.000016s ]
INFO: [ app_init ] --END-- [ RunTime:0.001310s ]
INFO: [ app_begin ] --START--
INFO: Run Behavior\ReadHtmlCacheBehavior [ RunTime:0.000503s ]
INFO: [ app_begin ] --END-- [ RunTime:0.000629s ]

[ 2016-01-13T17:18:44+08:00 ] ::1 /sinaApp/2/angular-web/admin/index.php/fanApi/login/login
INFO: [ app_init ] --START--
INFO: Run Behavior\BuildLiteBehavior [ RunTime:0.000014s ]
INFO: [ app_init ] --END-- [ RunTime:0.000444s ]
INFO: [ app_begin ] --START--
INFO: Run Behavior\ReadHtmlCacheBehavior [ RunTime:0.000502s ]
INFO: [ app_begin ] --END-- [ RunTime:0.000550s ]

[ 2016-01-13T17:20:55+08:00 ] ::1 /sinaApp/2/angular-web/admin/index.php/fanApi/login/login
INFO: [ app_init ] --START--
INFO: Run Behavior\BuildLiteBehavior [ RunTime:0.000015s ]
INFO: [ app_init ] --END-- [ RunTime:0.000494s ]
INFO: [ app_begin ] --START--
INFO: Run Behavior\ReadHtmlCacheBehavior [ RunTime:0.000630s ]
INFO: [ app_begin ] --END-- [ RunTime:0.000688s ]

[ 2016-01-13T17:21:15+08:00 ] ::1 /sinaApp/2/angular-web/admin/index.php/fanApi/login/login
INFO: [ app_init ] --START--
INFO: Run Behavior\BuildLiteBehavior [ RunTime:0.000014s ]
INFO: [ app_init ] --END-- [ RunTime:0.000404s ]
INFO: [ app_begin ] --START--
INFO: Run Behavior\ReadHtmlCacheBehavior [ RunTime:0.001154s ]
INFO: [ app_begin ] --END-- [ RunTime:0.001249s ]

[ 2016-01-13T17:22:42+08:00 ] ::1 /sinaApp/2/angular-web/admin/index.php/fanApi/login/login
INFO: [ app_init ] --START--
INFO: Run Behavior\BuildLiteBehavior [ RunTime:0.000021s ]
INFO: [ app_init ] --END-- [ RunTime:0.000507s ]
INFO: [ app_begin ] --START--
INFO: Run Behavior\ReadHtmlCacheBehavior [ RunTime:0.000594s ]
INFO: [ app_begin ] --END-- [ RunTime:0.000659s ]

[ 2016-01-13T17:23:04+08:00 ] ::1 /sinaApp/2/angular-web/admin/index.php/fanApi/login/login
INFO: [ app_init ] --START--
INFO: Run Behavior\BuildLiteBehavior [ RunTime:0.000023s ]
INFO: [ app_init ] --END-- [ RunTime:0.000504s ]
INFO: [ app_begin ] --START--
INFO: Run Behavior\ReadHtmlCacheBehavior [ RunTime:0.000507s ]
INFO: [ app_begin ] --END-- [ RunTime:0.000551s ]

[ 2016-01-13T17:30:07+08:00 ] ::1 /sinaApp/2/angular-web/admin/index.php/fanApi/login/login
INFO: [ app_init ] --START--
INFO: Run Behavior\BuildLiteBehavior [ RunTime:0.000016s ]
INFO: [ app_init ] --END-- [ RunTime:0.000567s ]
INFO: [ app_begin ] --START--
INFO: Run Behavior\ReadHtmlCacheBehavior [ RunTime:0.000558s ]
INFO: [ app_begin ] --END-- [ RunTime:0.000612s ]

[ 2016-01-13T17:30:22+08:00 ] ::1 /sinaApp/2/angular-web/admin/index.php/fanApi/login/login
INFO: [ app_init ] --START--
INFO: Run Behavior\BuildLiteBehavior [ RunTime:0.000013s ]
INFO: [ app_init ] --END-- [ RunTime:0.000387s ]
INFO: [ app_begin ] --START--
INFO: Run Behavior\ReadHtmlCacheBehavior [ RunTime:0.000557s ]
INFO: [ app_begin ] --END-- [ RunTime:0.000608s ]

[ 2016-01-13T17:32:49+08:00 ] ::1 /sinaApp/2/angular-web/admin/index.php/fanApi/login/login
INFO: [ app_init ] --START--
INFO: Run Behavior\BuildLiteBehavior [ RunTime:0.000014s ]
INFO: [ app_init ] --END-- [ RunTime:0.000444s ]
INFO: [ app_begin ] --START--
INFO: Run Behavior\ReadHtmlCacheBehavior [ RunTime:0.000545s ]
INFO: [ app_begin ] --END-- [ RunTime:0.000594s ]
NOTIC: [8] Undefined variable: _GLOBAL D:\WWW\sinaApp\2\angular-web\admin\App\FanApi\Controller\LoginController.class.php 第 9 行.

[ 2016-01-13T17:33:13+08:00 ] ::1 /sinaApp/2/angular-web/admin/index.php/fanApi/login/login
INFO: [ app_init ] --START--
INFO: Run Behavior\BuildLiteBehavior [ RunTime:0.000015s ]
INFO: [ app_init ] --END-- [ RunTime:0.000398s ]
INFO: [ app_begin ] --START--
INFO: Run Behavior\ReadHtmlCacheBehavior [ RunTime:0.003756s ]
INFO: [ app_begin ] --END-- [ RunTime:0.003822s ]

[ 2016-01-13T17:34:56+08:00 ] ::1 /sinaApp/2/angular-web/admin/index.php/fanApi/login/login
INFO: [ app_init ] --START--
INFO: Run Behavior\BuildLiteBehavior [ RunTime:0.000014s ]
INFO: [ app_init ] --END-- [ RunTime:0.000426s ]
INFO: [ app_begin ] --START--
INFO: Run Behavior\ReadHtmlCacheBehavior [ RunTime:0.000571s ]
INFO: [ app_begin ] --END-- [ RunTime:0.000618s ]
NOTIC: [8] Undefined variable: GLOBAL D:\WWW\sinaApp\2\angular-web\admin\App\FanApi\Controller\LoginController.class.php 第 9 行.

[ 2016-01-13T17:36:02+08:00 ] ::1 /sinaApp/2/angular-web/admin/index.php/fanApi/login/login
INFO: [ app_init ] --START--
INFO: Run Behavior\BuildLiteBehavior [ RunTime:0.000012s ]
INFO: [ app_init ] --END-- [ RunTime:0.000395s ]
INFO: [ app_begin ] --START--
INFO: Run Behavior\ReadHtmlCacheBehavior [ RunTime:0.000548s ]
INFO: [ app_begin ] --END-- [ RunTime:0.000605s ]
NOTIC: [2] Cannot modify header information - headers already sent by (output started at D:\WWW\sinaApp\2\angular-web\admin\ThinkPHP\Common\functions.php:850) D:\WWW\sinaApp\2\angular-web\admin\App\FanApi\Controller\LoginController.class.php 第 13 行.

[ 2016-01-13T17:37:45+08:00 ] ::1 /sinaApp/2/angular-web/admin/index.php/fanApi/login/login
INFO: [ app_init ] --START--
INFO: Run Behavior\BuildLiteBehavior [ RunTime:0.000014s ]
INFO: [ app_init ] --END-- [ RunTime:0.000538s ]
INFO: [ app_begin ] --START--
INFO: Run Behavior\ReadHtmlCacheBehavior [ RunTime:0.001445s ]
INFO: [ app_begin ] --END-- [ RunTime:0.001530s ]
NOTIC: [2] Cannot modify header information - headers already sent by (output started at D:\WWW\sinaApp\2\angular-web\admin\ThinkPHP\Common\functions.php:850) D:\WWW\sinaApp\2\angular-web\admin\App\FanApi\Controller\LoginController.class.php 第 13 行.

[ 2016-01-13T17:40:12+08:00 ] ::1 /sinaApp/2/angular-web/admin/index.php/fanApi/login/login
INFO: [ app_init ] --START--
INFO: Run Behavior\BuildLiteBehavior [ RunTime:0.000015s ]
INFO: [ app_init ] --END-- [ RunTime:0.000519s ]
INFO: [ app_begin ] --START--
INFO: Run Behavior\ReadHtmlCacheBehavior [ RunTime:0.000547s ]
INFO: [ app_begin ] --END-- [ RunTime:0.000601s ]
NOTIC: [2] Cannot modify header information - headers already sent by (output started at D:\WWW\sinaApp\2\angular-web\admin\ThinkPHP\Common\functions.php:850) D:\WWW\sinaApp\2\angular-web\admin\App\FanApi\Controller\LoginController.class.php 第 13 行.

[ 2016-01-13T17:42:01+08:00 ] ::1 /sinaApp/2/angular-web/admin/index.php/fanApi/login/login
INFO: [ app_init ] --START--
INFO: Run Behavior\BuildLiteBehavior [ RunTime:0.000013s ]
INFO: [ app_init ] --END-- [ RunTime:0.000498s ]
INFO: [ app_begin ] --START--
INFO: Run Behavior\ReadHtmlCacheBehavior [ RunTime:0.000471s ]
INFO: [ app_begin ] --END-- [ RunTime:0.000524s ]
NOTIC: [2] Cannot modify header information - headers already sent by (output started at D:\WWW\sinaApp\2\angular-web\admin\ThinkPHP\Common\functions.php:850) D:\WWW\sinaApp\2\angular-web\admin\App\FanApi\Controller\LoginController.class.php 第 13 行.

[ 2016-01-13T17:42:06+08:00 ] ::1 /sinaApp/2/angular-web/admin/index.php/fanApi/login/login
INFO: [ app_init ] --START--
INFO: Run Behavior\BuildLiteBehavior [ RunTime:0.000011s ]
INFO: [ app_init ] --END-- [ RunTime:0.000352s ]
INFO: [ app_begin ] --START--
INFO: Run Behavior\ReadHtmlCacheBehavior [ RunTime:0.000463s ]
INFO: [ app_begin ] --END-- [ RunTime:0.000503s ]
NOTIC: [2] Cannot modify header information - headers already sent by (output started at D:\WWW\sinaApp\2\angular-web\admin\ThinkPHP\Common\functions.php:850) D:\WWW\sinaApp\2\angular-web\admin\App\FanApi\Controller\LoginController.class.php 第 13 行.

[ 2016-01-13T17:42:47+08:00 ] ::1 /sinaApp/2/angular-web/admin/index.php/fanApi/login/login
INFO: [ app_init ] --START--
INFO: Run Behavior\BuildLiteBehavior [ RunTime:0.000041s ]
INFO: [ app_init ] --END-- [ RunTime:0.001160s ]
INFO: [ app_begin ] --START--
INFO: Run Behavior\ReadHtmlCacheBehavior [ RunTime:0.000505s ]
INFO: [ app_begin ] --END-- [ RunTime:0.000551s ]
NOTIC: [2] Cannot modify header information - headers already sent by (output started at D:\WWW\sinaApp\2\angular-web\admin\ThinkPHP\Common\functions.php:850) D:\WWW\sinaApp\2\angular-web\admin\App\FanApi\Controller\LoginController.class.php 第 13 行.

[ 2016-01-13T17:43:23+08:00 ] ::1 /sinaApp/2/angular-web/admin/index.php/fanApi/login/login
INFO: [ app_init ] --START--
INFO: Run Behavior\BuildLiteBehavior [ RunTime:0.000012s ]
INFO: [ app_init ] --END-- [ RunTime:0.000354s ]
INFO: [ app_begin ] --START--
INFO: Run Behavior\ReadHtmlCacheBehavior [ RunTime:0.001324s ]
INFO: [ app_begin ] --END-- [ RunTime:0.001399s ]
NOTIC: [2] Cannot modify header information - headers already sent by (output started at D:\WWW\sinaApp\2\angular-web\admin\ThinkPHP\Common\functions.php:850) D:\WWW\sinaApp\2\angular-web\admin\App\FanApi\Controller\LoginController.class.php 第 13 行.

[ 2016-01-13T17:43:42+08:00 ] ::1 /sinaApp/2/angular-web/admin/index.php/fanApi/login/login
INFO: [ app_init ] --START--
INFO: Run Behavior\BuildLiteBehavior [ RunTime:0.000014s ]
INFO: [ app_init ] --END-- [ RunTime:0.000454s ]
INFO: [ app_begin ] --START--
INFO: Run Behavior\ReadHtmlCacheBehavior [ RunTime:0.000580s ]
INFO: [ app_begin ] --END-- [ RunTime:0.000636s ]

[ 2016-01-13T17:44:12+08:00 ] ::1 /sinaApp/2/angular-web/admin/index.php/fanApi/login/login
INFO: [ app_init ] --START--
INFO: Run Behavior\BuildLiteBehavior [ RunTime:0.000015s ]
INFO: [ app_init ] --END-- [ RunTime:0.000445s ]
INFO: [ app_begin ] --START--
INFO: Run Behavior\ReadHtmlCacheBehavior [ RunTime:0.000516s ]
INFO: [ app_begin ] --END-- [ RunTime:0.000562s ]

[ 2016-01-13T17:44:26+08:00 ] ::1 /sinaApp/2/angular-web/admin/index.php/fanApi/login/login
INFO: [ app_init ] --START--
INFO: Run Behavior\BuildLiteBehavior [ RunTime:0.000013s ]
INFO: [ app_init ] --END-- [ RunTime:0.000361s ]
INFO: [ app_begin ] --START--
INFO: Run Behavior\ReadHtmlCacheBehavior [ RunTime:0.000515s ]
INFO: [ app_begin ] --END-- [ RunTime:0.000565s ]

[ 2016-01-13T17:44:32+08:00 ] ::1 /sinaApp/2/angular-web/admin/index.php/fanApi/login/login
INFO: [ app_init ] --START--
INFO: Run Behavior\BuildLiteBehavior [ RunTime:0.000012s ]
INFO: [ app_init ] --END-- [ RunTime:0.000382s ]
INFO: [ app_begin ] --START--
INFO: Run Behavior\ReadHtmlCacheBehavior [ RunTime:0.000471s ]
INFO: [ app_begin ] --END-- [ RunTime:0.000515s ]

[ 2016-01-13T17:45:16+08:00 ] ::1 /sinaApp/2/angular-web/admin/index.php/fanApi/login/login
INFO: [ app_init ] --START--
INFO: Run Behavior\BuildLiteBehavior [ RunTime:0.000015s ]
INFO: [ app_init ] --END-- [ RunTime:0.000433s ]
INFO: [ app_begin ] --START--
INFO: Run Behavior\ReadHtmlCacheBehavior [ RunTime:0.000818s ]
INFO: [ app_begin ] --END-- [ RunTime:0.000888s ]

[ 2016-01-13T17:47:03+08:00 ] ::1 /sinaApp/2/angular-web/admin/index.php/fanApi/login/login
INFO: [ app_init ] --START--
INFO: Run Behavior\BuildLiteBehavior [ RunTime:0.000017s ]
INFO: [ app_init ] --END-- [ RunTime:0.000471s ]
INFO: [ app_begin ] --START--
INFO: Run Behavior\ReadHtmlCacheBehavior [ RunTime:0.000612s ]
INFO: [ app_begin ] --END-- [ RunTime:0.000662s ]

[ 2016-01-13T17:52:29+08:00 ] ::1 /sinaApp/2/angular-web/admin/index.php/fanApi/login/login
INFO: [ app_init ] --START--
INFO: Run Behavior\BuildLiteBehavior [ RunTime:0.000014s ]
INFO: [ app_init ] --END-- [ RunTime:0.000417s ]
INFO: [ app_begin ] --START--
INFO: Run Behavior\ReadHtmlCacheBehavior [ RunTime:0.000654s ]
INFO: [ app_begin ] --END-- [ RunTime:0.000713s ]
NOTIC: [2] Cannot modify header information - headers already sent by (output started at D:\WWW\sinaApp\2\angular-web\admin\ThinkPHP\Common\functions.php:850) D:\WWW\sinaApp\2\angular-web\admin\App\FanApi\Controller\LoginController.class.php 第 13 行.

[ 2016-01-13T17:54:42+08:00 ] ::1 /sinaApp/2/angular-web/admin/index.php/fanApi/login/login
INFO: [ app_init ] --START--
INFO: Run Behavior\BuildLiteBehavior [ RunTime:0.000013s ]
INFO: [ app_init ] --END-- [ RunTime:0.000483s ]
INFO: [ app_begin ] --START--
INFO: Run Behavior\ReadHtmlCacheBehavior [ RunTime:0.000734s ]
INFO: [ app_begin ] --END-- [ RunTime:0.000785s ]

[ 2016-01-13T17:54:55+08:00 ] ::1 /sinaApp/2/angular-web/admin/index.php/fanApi/login/login
INFO: [ app_init ] --START--
INFO: Run Behavior\BuildLiteBehavior [ RunTime:0.000013s ]
INFO: [ app_init ] --END-- [ RunTime:0.000401s ]
INFO: [ app_begin ] --START--
INFO: Run Behavior\ReadHtmlCacheBehavior [ RunTime:0.000468s ]
INFO: [ app_begin ] --END-- [ RunTime:0.000507s ]
NOTIC: [8] Undefined index: HTTP_RAW_POST_DATA D:\WWW\sinaApp\2\angular-web\admin\App\FanApi\Controller\LoginController.class.php 第 9 行.

[ 2016-01-13T17:58:35+08:00 ] ::1 /sinaApp/2/angular-web/admin/index.php/fanApi/login/login
INFO: [ app_init ] --START--
INFO: Run Behavior\BuildLiteBehavior [ RunTime:0.000016s ]
INFO: [ app_init ] --END-- [ RunTime:0.000532s ]
INFO: [ app_begin ] --START--
INFO: Run Behavior\ReadHtmlCacheBehavior [ RunTime:0.000508s ]
INFO: [ app_begin ] --END-- [ RunTime:0.000556s ]
NOTIC: [8] Undefined index: HTTP_RAW_POST_DATA D:\WWW\sinaApp\2\angular-web\admin\App\FanApi\Controller\LoginController.class.php 第 9 行.

[ 2016-01-13T17:58:51+08:00 ] ::1 /sinaApp/2/angular-web/admin/index.php/fanApi/login/login
INFO: [ app_init ] --START--
INFO: Run Behavior\BuildLiteBehavior [ RunTime:0.000012s ]
INFO: [ app_init ] --END-- [ RunTime:0.000377s ]
INFO: [ app_begin ] --START--
INFO: Run Behavior\ReadHtmlCacheBehavior [ RunTime:0.000450s ]
INFO: [ app_begin ] --END-- [ RunTime:0.000490s ]

[ 2016-01-13T18:05:49+08:00 ] ::1 /sinaApp/2/angular-web/admin/index.php/fanApi/login/login
INFO: [ app_init ] --START--
INFO: Run Behavior\BuildLiteBehavior [ RunTime:0.000014s ]
INFO: [ app_init ] --END-- [ RunTime:0.000454s ]
INFO: [ app_begin ] --START--
INFO: Run Behavior\ReadHtmlCacheBehavior [ RunTime:0.000622s ]
INFO: [ app_begin ] --END-- [ RunTime:0.000680s ]

